<?xml version="1.0" encoding="UTF-8"?>
<coverage generated="1759967817169" clover="3.2.0">
  <project timestamp="1759967817169" name="All files">
    <metrics statements="20" coveredstatements="19" conditionals="2" coveredconditionals="2" methods="3" coveredmethods="3" elements="25" coveredelements="24" complexity="0" loc="20" ncloc="20" packages="1" files="3" classes="3"/>
    <file name="add.js" path="C:\Users\EGHOSA\Desktop\test_projects\src\functions\add.js">
      <metrics statements="2" coveredstatements="2" conditionals="0" coveredconditionals="0" methods="1" coveredmethods="1"/>
      <line num="2" count="1" type="stmt"/>
      <line num="5" count="1" type="stmt"/>
    </file>
    <file name="apiData.js" path="C:\Users\EGHOSA\Desktop\test_projects\src\functions\apiData.js">
      <metrics statements="8" coveredstatements="8" conditionals="2" coveredconditionals="2" methods="1" coveredmethods="1"/>
      <line num="3" count="2" type="stmt"/>
      <line num="4" count="2" type="stmt"/>
      <line num="5" count="2" type="cond" truecount="2" falsecount="0"/>
      <line num="7" count="1" type="stmt"/>
      <line num="10" count="1" type="stmt"/>
      <line num="11" count="1" type="stmt"/>
      <line num="15" count="1" type="stmt"/>
      <line num="20" count="1" type="stmt"/>
    </file>
    <file name="userModel.js" path="C:\Users\EGHOSA\Desktop\test_projects\src\functions\userModel.js">
      <metrics statements="10" coveredstatements="9" conditionals="0" coveredconditionals="0" methods="1" coveredmethods="1"/>
      <line num="1" count="1" type="stmt"/>
      <line num="4" count="1" type="stmt"/>
      <line num="11" count="1" type="stmt"/>
      <line num="14" count="1" type="stmt"/>
      <line num="15" count="1" type="stmt"/>
      <line num="16" count="1" type="stmt"/>
      <line num="17" count="1" type="stmt"/>
      <line num="18" count="1" type="stmt"/>
      <line num="20" count="0" type="stmt"/>
      <line num="24" count="1" type="stmt"/>
    </file>
  </project>
</coverage>
